[debug] ----------------------------------------------------------------------
[debug] Command:      /usr/local/bin/node /usr/local/bin/firebase deploy --only functions
[debug] CLI Version:  3.6.1
[debug] Platform:     darwin
[debug] Node Version: v6.10.2
[debug] Time:         Fri Apr 28 2017 18:03:07 GMT+0800 (CST)
[debug] ----------------------------------------------------------------------
[debug] 
[debug] > command requires scopes: ["email","openid","https://www.googleapis.com/auth/cloudplatformprojects.readonly","https://www.googleapis.com/auth/firebase","https://www.googleapis.com/auth/cloud-platform"]
[debug] >>> HTTP REQUEST GET https://admin.firebase.com/v1/projects/earthquakeapp-15c03  
 Fri Apr 28 2017 18:03:07 GMT+0800 (CST)
[debug] <<< HTTP RESPONSE 200
[debug] >>> HTTP REQUEST GET https://admin.firebase.com/v1/database/earthquakeapp-15c03/tokens  
 Fri Apr 28 2017 18:03:07 GMT+0800 (CST)
[debug] <<< HTTP RESPONSE 200
[info] 
[info] === Deploying to 'earthquakeapp-15c03'...
[info] 
[info] i  deploying functions
[debug] > [functions] package.json contents: {
  "name": "functions",
  "description": "Cloud Functions for Firebase",
  "dependencies": {
    "firebase-admin": "~4.1.2",
    "firebase-functions": "^0.5"
  },
  "private": true
}
[info] i  functions: ensuring necessary APIs are enabled...
[info] i  runtimeconfig: ensuring necessary APIs are enabled...
[debug] >>> HTTP REQUEST GET https://servicemanagement.googleapis.com/v1/services/cloudfunctions.googleapis.com/projectSettings/earthquakeapp-15c03?view=CONSUMER_VIEW  
 Fri Apr 28 2017 18:03:10 GMT+0800 (CST)
[debug] >>> HTTP REQUEST GET https://servicemanagement.googleapis.com/v1/services/runtimeconfig.googleapis.com/projectSettings/earthquakeapp-15c03?view=CONSUMER_VIEW  
 Fri Apr 28 2017 18:03:10 GMT+0800 (CST)
[debug] <<< HTTP RESPONSE 200
[info] ✔  runtimeconfig: all necessary APIs are enabled
[debug] <<< HTTP RESPONSE 200
[info] ✔  functions: all necessary APIs are enabled
[debug] >>> HTTP REQUEST GET https://appengine.googleapis.com/v1/apps/earthquakeapp-15c03  
 Fri Apr 28 2017 18:03:11 GMT+0800 (CST)
[debug] >>> HTTP REQUEST GET https://apikeys.googleapis.com/v1/projects/earthquakeapp-15c03/apiKeys  
 Fri Apr 28 2017 18:03:11 GMT+0800 (CST)
[debug] <<< HTTP RESPONSE 200
[debug] <<< HTTP RESPONSE 200
[info] i  functions: preparing functions directory for uploading...
[debug] >>> HTTP REQUEST GET https://runtimeconfig.googleapis.com/v1beta1/projects/earthquakeapp-15c03/configs  
 Fri Apr 28 2017 18:03:14 GMT+0800 (CST)
[debug] <<< HTTP RESPONSE 200
[debug] > [functions] runtime config materialized as: {
  "firebase": {
    "databaseURL": "https://earthquakeapp-15c03.firebaseio.com",
    "storageBucket": "earthquakeapp-15c03.appspot.com",
    "apiKey": "AIzaSyCRWEBaU4ZRNZScLV7bajdM7HbJ6qi-eUI",
    "authDomain": "earthquakeapp-15c03.firebaseapp.com"
  }
}
[debug] > [functions] parsed triggers: [
  {
    "httpsTrigger": {},
    "name": "helloWorld",
    "entryPoint": "helloWorld"
  },
  {
    "eventTrigger": {
      "resource": "projects/_/instances/earthquakeapp-15c03/refs/eqData/{pushId}",
      "eventType": "providers/google.firebase.database/eventTypes/ref.write"
    },
    "name": "uploadEqCenter",
    "entryPoint": "uploadEqCenter"
  }
]
[info] i  functions: packaged functions (1.09 KB) for uploading
[debug] >>> HTTP REQUEST GET https://www.googleapis.com/storage/v1/b/staging.earthquakeapp-15c03.appspot.com  
 Fri Apr 28 2017 18:03:15 GMT+0800 (CST)
[debug] <<< HTTP RESPONSE 200
[debug] >>> HTTP REQUEST POST https://www.googleapis.com/upload/storage/v1/b/staging.earthquakeapp-15c03.appspot.com/o?uploadType=media&name=firebase-functions-source ReadStream {
  _readableState: 
   ReadableState {
     objectMode: false,
     highWaterMark: 65536,
     buffer: BufferList { head: [Object], tail: [Object], length: 1 },
     length: 1112,
     pipes: null,
     pipesCount: 0,
     flowing: null,
     ended: true,
     endEmitted: false,
     reading: false,
     sync: false,
     needReadable: false,
     emittedReadable: true,
     readableListening: false,
     resumeScheduled: false,
     defaultEncoding: 'utf8',
     ranOut: false,
     awaitDrain: 0,
     readingMore: false,
     decoder: null,
     encoding: null },
  readable: true,
  domain: null,
  _events: { end: [Function] },
  _eventsCount: 1,
  _maxListeners: undefined,
  path: '/var/folders/js/8lmy846j0697nbm4ygzggv180000gn/T/firebase-functions-44115Y5yBRSuPIrQA.zip',
  fd: 18,
  flags: 'r',
  mode: 438,
  start: undefined,
  end: undefined,
  autoClose: true,
  pos: undefined,
  bytesRead: 1112 } 
 Fri Apr 28 2017 18:03:15 GMT+0800 (CST)
